2025-11-17 15:47:39 - user=rayblade - INFO - Criação: logs_monitor.log
2025-11-17 15:47:39 - user=rayblade - INFO - Criação: hashes.json
2025-11-17 15:47:39 - user=rayblade - INFO - Criação: backups/hashes_20251117.json
2025-11-17 15:47:39 - user=rayblade - INFO - POSSÍVEL DUPLICATA: backups/hashes_20251117.json e hashes.json
2025-11-17 15:47:39 - user=rayblade - INFO - POSSÍVEL DUPLICATA: Documentos_seguros/Certificado (cópia).pdf e Documentos_seguros/Certificado.pdf
2025-11-17 15:51:55 - user=rayblade - WARNING - Alteração: logs_monitor.log
2025-11-17 15:51:55 - user=rayblade - WARNING - Alteração: hashes.json
2025-11-17 15:51:55 - user=rayblade - WARNING - Alteração: backups/hashes_20251117.json
2025-11-17 15:51:55 - user=rayblade - INFO - POSSÍVEL DUPLICATA: backups/hashes_20251117.json e hashes.json
2025-11-17 15:51:55 - user=rayblade - INFO - POSSÍVEL DUPLICATA: Documentos_seguros/Certificado (cópia).pdf e Documentos_seguros/Certificado.pdf
2025-11-18 19:58:06 - user=rayblade - WARNING - Alteração: logs_monitor.log
2025-11-18 19:58:06 - user=rayblade - INFO - Criação: relatorio.md
2025-11-18 19:58:06 - user=rayblade - WARNING - Alteração: hashes.json
2025-11-18 19:58:06 - user=rayblade - WARNING - Alteração: backups/hashes_20251117.json
2025-11-18 19:58:06 - user=rayblade - INFO - POSSÍVEL DUPLICATA: backups/hashes_20251117.json e hashes.json
2025-11-18 19:58:06 - user=rayblade - INFO - POSSÍVEL DUPLICATA: Documentos_seguros/Certificado (cópia).pdf e Documentos_seguros/Certificado.pdf
2025-12-04 22:36:22 - user=rayblade - WARNING - Alteração: logs_monitor.log
2025-12-04 22:36:22 - user=rayblade - WARNING - Alteração: relatorio.md
2025-12-04 22:36:22 - user=rayblade - WARNING - Alteração: hashes.json
2025-12-04 22:36:22 - user=rayblade - INFO - Criação: backups/hashes_20251118.json
2025-12-04 22:36:22 - user=rayblade - INFO - POSSÍVEL DUPLICATA: backups/hashes_20251118.json e hashes.json
2025-12-04 22:36:22 - user=rayblade - INFO - POSSÍVEL DUPLICATA: Documentos_seguros/Certificado (cópia).pdf e Documentos_seguros/Certificado.pdf
